#-----------------------------------------------------------
# Vivado v2023.2 (64-bit)
# SW Build 4029153 on Fri Oct 13 20:14:34 MDT 2023
# IP Build 4028589 on Sat Oct 14 00:45:43 MDT 2023
# SharedData Build 4025554 on Tue Oct 10 17:18:54 MDT 2023
# Start of session at: Thu Mar 27 19:26:28 2025
# Process ID: 18028
# Current directory: C:/Users/JDMus/projects/team_edge_runner
# Command line: vivado.exe -mode batch -source .\simulation\create_vivado_project.tcl -journal Vivado/Journals/vivado.jou -log Vivado/Logs/vivado.log
# Log file: C:/Users/JDMus/projects/team_edge_runner/Vivado/Logs/vivado.log
# Journal file: C:/Users/JDMus/projects/team_edge_runner\Vivado/Journals/vivado.jou
# Running On: DESKTOP-UQFU55V, OS: Windows, CPU Frequency: 3187 MHz, CPU Physical cores: 24, Host memory: 171551 MB
#-----------------------------------------------------------
source {.\simulation\create_vivado_project.tcl}
# file mkdir ./Vivado/Journals
# file mkdir ./Vivado/Logs
# create_project -force nms_project Vivado/Sims -part xc7z020clg484-1
create_project: Time (s): cpu = 00:00:03 ; elapsed = 00:00:11 . Memory (MB): peak = 484.238 ; gain = 183.238
# add_files ./testBench/non_max_suppression_tb.sv
# add_files ./Non_Max_Suppresion.sv
# add_files ./pixel_loader.sv
# add_files ./gaussian_filter.sv
# add_files ./gradient_calculation.sv
# add_files ./definitions_pkg.sv
# add_files ./line_buffer.sv
# add_files ./sqrt_22b.sv
# add_files ./arc_tan.sv
# file mkdir ./Vivado/Sims/nms_project.sim/sim_1/behav/xsim/
# if {[file exists ./testImages]} {
#     file copy -force ./testImages ./Vivado/Sims/nms_project.sim/sim_1/behav/xsim/
# } else {
#     puts "Warning: testImages folder does not exist."
# }
# set_property directory Vivado/Sims [get_filesets sim_1]
# set_property top nms_tb [get_filesets sim_1]
# launch_simulation
Command: launch_simulation 
INFO: [Vivado 12-12493] Simulation top is 'nms_tb'
WARNING: [Vivado 12-13340] Unable to auto find GCC executables from simulator install path! (path not set)
INFO: [Vivado 12-5682] Launching behavioral simulation in 'C:/Users/JDMus/projects/team_edge_runner/Vivado/Sims/nms_project.sim/sim_1/behav/xsim'
INFO: [SIM-utils-51] Simulation object is 'sim_1'
INFO: [SIM-utils-72] Using boost library from 'F:/Xilinx/Vivado/2023.2/tps/boost_1_72_0'
INFO: [SIM-utils-54] Inspecting design source files for 'nms_tb' in fileset 'sim_1'...
INFO: [USF-XSim-97] Finding global include files...
INFO: [USF-XSim-98] Fetching design files from 'sim_1'...
INFO: [USF-XSim-2] XSim::Compile design
INFO: [USF-XSim-61] Executing 'COMPILE and ANALYZE' step in 'C:/Users/JDMus/projects/team_edge_runner/Vivado/Sims/nms_project.sim/sim_1/behav/xsim'
"xvlog --incr --relax -L uvm -prj nms_tb_vlog.prj"
ECHO is off.
ECHO is off.
INFO: [VRFC 10-2263] Analyzing SystemVerilog file "C:/Users/JDMus/projects/team_edge_runner/Non_Max_Suppresion.sv" into library xil_defaultlib
INFO: [VRFC 10-311] analyzing module Non_Max_Suppresion
INFO: [VRFC 10-2263] Analyzing SystemVerilog file "C:/Users/JDMus/projects/team_edge_runner/arc_tan.sv" into library xil_defaultlib
INFO: [VRFC 10-311] analyzing module arc_tan
INFO: [VRFC 10-2263] Analyzing SystemVerilog file "C:/Users/JDMus/projects/team_edge_runner/definitions_pkg.sv" into library xil_defaultlib
INFO: [VRFC 10-2263] Analyzing SystemVerilog file "C:/Users/JDMus/projects/team_edge_runner/gaussian_filter.sv" into library xil_defaultlib
INFO: [VRFC 10-311] analyzing module gaussian_filter
INFO: [VRFC 10-2263] Analyzing SystemVerilog file "C:/Users/JDMus/projects/team_edge_runner/gradient_calculation.sv" into library xil_defaultlib
INFO: [VRFC 10-311] analyzing module gradient_calculation
INFO: [VRFC 10-2263] Analyzing SystemVerilog file "C:/Users/JDMus/projects/team_edge_runner/line_buffer.sv" into library xil_defaultlib
INFO: [VRFC 10-311] analyzing module line_buffer
INFO: [VRFC 10-2263] Analyzing SystemVerilog file "C:/Users/JDMus/projects/team_edge_runner/pixel_loader.sv" into library xil_defaultlib
INFO: [VRFC 10-311] analyzing module pixel_loader
INFO: [VRFC 10-2263] Analyzing SystemVerilog file "C:/Users/JDMus/projects/team_edge_runner/sqrt_22b.sv" into library xil_defaultlib
INFO: [VRFC 10-311] analyzing module sqrt_22b
INFO: [VRFC 10-2263] Analyzing SystemVerilog file "C:/Users/JDMus/projects/team_edge_runner/testBench/non_max_suppression_tb.sv" into library xil_defaultlib
INFO: [VRFC 10-311] analyzing module nms_tb
INFO: [VRFC 10-2263] Analyzing Verilog file "C:/Users/JDMus/projects/team_edge_runner/Vivado/Sims/nms_project.sim/sim_1/behav/xsim/glbl.v" into library xil_defaultlib
INFO: [VRFC 10-311] analyzing module glbl
INFO: [USF-XSim-69] 'compile' step finished in '2' seconds
INFO: [USF-XSim-3] XSim::Elaborate design
INFO: [USF-XSim-61] Executing 'ELABORATE' step in 'C:/Users/JDMus/projects/team_edge_runner/Vivado/Sims/nms_project.sim/sim_1/behav/xsim'
"xelab --incr --debug typical --relax --mt 2 -L xil_defaultlib -L uvm -L unisims_ver -L unimacro_ver -L secureip --snapshot nms_tb_behav xil_defaultlib.nms_tb xil_defaultlib.glbl -log elaborate.log"
ECHO is off.
ECHO is off.
Vivado Simulator v2023.2
Copyright 1986-2022 Xilinx, Inc. All Rights Reserved.
Copyright 2022-2023 Advanced Micro Devices, Inc. All Rights Reserved.
Running: F:/Xilinx/Vivado/2023.2/bin/unwrapped/win64.o/xelab.exe --incr --debug typical --relax --mt 2 -L xil_defaultlib -L uvm -L unisims_ver -L unimacro_ver -L secureip --snapshot nms_tb_behav xil_defaultlib.nms_tb xil_defaultlib.glbl -log elaborate.log 
Using 2 slave threads.
Starting static elaboration
Pass Through NonSizing Optimizer
Completed static elaboration
Starting simulation data flow analysis
WARNING: [XSIM 43-4100] "C:/Users/JDMus/projects/team_edge_runner/testBench/non_max_suppression_tb.sv" Line 3. Module nms_tb has a timescale but at least one module in design doesn't have timescale.
WARNING: [XSIM 43-4100] "C:/Users/JDMus/projects/team_edge_runner/testBench/non_max_suppression_tb.sv" Line 3. Module nms_tb has a timescale but at least one module in design doesn't have timescale.
WARNING: [XSIM 43-4100] "C:/Users/JDMus/projects/team_edge_runner/Vivado/Sims/nms_project.sim/sim_1/behav/xsim/glbl.v" Line 6. Module glbl has a timescale but at least one module in design doesn't have timescale.
WARNING: [XSIM 43-4100] "C:/Users/JDMus/projects/team_edge_runner/Vivado/Sims/nms_project.sim/sim_1/behav/xsim/glbl.v" Line 6. Module glbl has a timescale but at least one module in design doesn't have timescale.
Completed simulation data flow analysis
Time Resolution for simulation is 1ps
Compiling package xil_defaultlib.definitions_pkg
Compiling module xil_defaultlib.line_buffer
Compiling module xil_defaultlib.pixel_loader
Compiling module xil_defaultlib.gaussian_filter
Compiling module xil_defaultlib.sqrt_22b
Compiling module xil_defaultlib.arc_tan
Compiling module xil_defaultlib.gradient_calculation
Compiling module xil_defaultlib.line_buffer(SIZE=11)
Compiling module xil_defaultlib.pixel_loader(ITEM_SIZE=11)
Compiling module xil_defaultlib.line_buffer(SIZE=2)
Compiling module xil_defaultlib.pixel_loader(ITEM_SIZE=2)
Compiling module xil_defaultlib.Non_Max_Suppresion
Compiling module xil_defaultlib.nms_tb
Compiling module xil_defaultlib.glbl
Built simulation snapshot nms_tb_behav
run_program: Time (s): cpu = 00:00:00 ; elapsed = 00:00:06 . Memory (MB): peak = 488.211 ; gain = 0.000
INFO: [USF-XSim-69] 'elaborate' step finished in '7' seconds
INFO: [USF-XSim-4] XSim::Simulate design
INFO: [USF-XSim-61] Executing 'SIMULATE' step in 'C:/Users/JDMus/projects/team_edge_runner/Vivado/Sims/nms_project.sim/sim_1/behav/xsim'
INFO: [USF-XSim-98] *** Running xsim
   with args "nms_tb_behav -key {Behavioral:sim_1:Functional:nms_tb} -tclbatch {nms_tb.tcl} -log {simulate.log}"
INFO: [USF-XSim-8] Loading simulator feature
Time resolution is 1 ps
source nms_tb.tcl
## current_wave_config
WARNING: [Wavedata 42-489] Can't add object "/nms_tb/image_mem" to the wave window because it has 2097152 bits, which exceeds the display limit of 65536 bits.  To change the display limit, use the command "set_property display_limit <new limit> [current_wave_config]".
File read complete. Total bytes read: 262144
run: Time (s): cpu = 00:00:01 ; elapsed = 00:01:18 . Memory (MB): peak = 502.527 ; gain = 0.000
xsim: Time (s): cpu = 00:00:01 ; elapsed = 00:01:19 . Memory (MB): peak = 502.527 ; gain = 14.316
INFO: [USF-XSim-96] XSim completed. Design snapshot 'nms_tb_behav' loaded.
INFO: [USF-XSim-97] XSim simulation ran for 1000ns
launch_simulation: Time (s): cpu = 00:00:01 ; elapsed = 00:01:31 . Memory (MB): peak = 502.527 ; gain = 18.289
# run 2000ns
run: Time (s): cpu = 00:00:01 ; elapsed = 00:02:38 . Memory (MB): peak = 502.527 ; gain = 0.000
# move_to_dir [glob -nocomplain *.backup.log] ./Vivado/Logs
invalid command name "move_to_dir"
    while executing
"move_to_dir [glob -nocomplain *.backup.log] ./Vivado/Logs"
    (file ".\simulation\create_vivado_project.tcl" line 42)
INFO: xsimkernel Simulation Memory Usage: 122392 KB (Peak: 122392 KB), Simulation CPU Usage: 231140 ms
INFO: [Common 17-206] Exiting Vivado at Thu Mar 27 19:31:14 2025...
