Vivado Simulator v2023.2
Copyright 1986-2022 Xilinx, Inc. All Rights Reserved.
Copyright 2022-2023 Advanced Micro Devices, Inc. All Rights Reserved.
Running: F:/Xilinx/Vivado/2023.2/bin/unwrapped/win64.o/xelab.exe --incr --debug typical --relax --mt 2 -L xil_defaultlib -L uvm -L unisims_ver -L unimacro_ver -L secureip --snapshot nms_tb_behav xil_defaultlib.nms_tb xil_defaultlib.glbl -log elaborate.log 
Using 2 slave threads.
Starting static elaboration
Pass Through NonSizing Optimizer
Completed static elaboration
Starting simulation data flow analysis
WARNING: [XSIM 43-4100] "C:/Users/JDMus/projects/team_edge_runner/testBench/non_max_suppression_tb.sv" Line 3. Module nms_tb has a timescale but at least one module in design doesn't have timescale.
WARNING: [XSIM 43-4100] "C:/Users/JDMus/projects/team_edge_runner/testBench/non_max_suppression_tb.sv" Line 3. Module nms_tb has a timescale but at least one module in design doesn't have timescale.
WARNING: [XSIM 43-4100] "C:/Users/JDMus/projects/team_edge_runner/Vivado/Sims/nms_project.sim/sim_1/behav/xsim/glbl.v" Line 6. Module glbl has a timescale but at least one module in design doesn't have timescale.
WARNING: [XSIM 43-4100] "C:/Users/JDMus/projects/team_edge_runner/Vivado/Sims/nms_project.sim/sim_1/behav/xsim/glbl.v" Line 6. Module glbl has a timescale but at least one module in design doesn't have timescale.
Completed simulation data flow analysis
Time Resolution for simulation is 1ps
Compiling package xil_defaultlib.definitions_pkg
Compiling module xil_defaultlib.line_buffer
Compiling module xil_defaultlib.pixel_loader
Compiling module xil_defaultlib.gaussian_filter
Compiling module xil_defaultlib.sqrt_22b
Compiling module xil_defaultlib.arc_tan
Compiling module xil_defaultlib.gradient_calculation
Compiling module xil_defaultlib.line_buffer(SIZE=11)
Compiling module xil_defaultlib.pixel_loader(ITEM_SIZE=11)
Compiling module xil_defaultlib.line_buffer(SIZE=2)
Compiling module xil_defaultlib.pixel_loader(ITEM_SIZE=2)
Compiling module xil_defaultlib.Non_Max_Suppresion
Compiling module xil_defaultlib.nms_tb
Compiling module xil_defaultlib.glbl
Built simulation snapshot nms_tb_behav
